<?xml version="1.0" encoding="UTF-8"?>
<!-- Generated by org.testng.reporters.JUnitReportReporter -->
<testsuite hostname="ip-172-31-18-244" failures="0" tests="1" name="testng.CardTest" time="0.005" errors="0" timestamp="16 Jan 2024 02:44:26 GMT" skipped="0">
  <testcase classname="testng.CardTest" name="TC01_CreditCardTest" time="0.005"/>
</testsuite> <!-- testng.CardTest -->
