<?xml version="1.0" encoding="UTF-8"?>
<!-- Generated by org.testng.reporters.JUnitReportReporter -->
<testsuite hostname="ip-172-31-18-244" failures="0" tests="1" name="testng.CardTest" time="0.007" errors="0" timestamp="01 Feb 2024 23:15:49 GMT" skipped="0">
  <testcase classname="testng.CardTest" name="TC01_CreditCardTest" time="0.007"/>
</testsuite> <!-- testng.CardTest -->
