<?xml version="1.0" encoding="UTF-8"?>
<!-- Generated by org.testng.reporters.JUnitReportReporter -->
<testsuite hostname="ip-172-31-18-244" failures="0" tests="1" name="testng.LoanTest" time="0.001" errors="0" timestamp="01 Feb 2024 23:15:49 GMT" skipped="0">
  <testcase classname="testng.LoanTest" name="TC01_HomeLoanTest" time="0.001"/>
</testsuite> <!-- testng.LoanTest -->
