<?xml version="1.0" encoding="UTF-8"?>
<!-- Generated by org.testng.reporters.JUnitReportReporter -->
<testsuite hostname="ip-172-31-18-244" failures="0" tests="1" name="testng.LoanTest" time="0.005" errors="0" timestamp="16 Jan 2024 02:45:41 GMT" skipped="0">
  <testcase classname="testng.LoanTest" name="TC00_PersonalLoanTest" time="0.005"/>
</testsuite> <!-- testng.LoanTest -->
